Reading netlist file: "Q:\Digital_IC_Design\FPGA_Prototyping_SystemVerilog\chapter_1_gate_level_comb\impl\gwsynthesis\chapter_1_gate_levek_comb.vg"
Parsing netlist file "Q:\Digital_IC_Design\FPGA_Prototyping_SystemVerilog\chapter_1_gate_level_comb\impl\gwsynthesis\chapter_1_gate_levek_comb.vg" completed
Processing netlist completed
Running placement......
[10%] Placement Phase 0 completed
[20%] Placement Phase 1 completed
[30%] Placement Phase 2 completed
[50%] Placement Phase 3 completed
Running routing......
[60%] Routing Phase 0 completed
[70%] Routing Phase 1 completed
[80%] Routing Phase 2 completed
[90%] Routing Phase 3 completed
Running timing analysis......
[95%] Timing analysis completed
Placement and routing completed
Bitstream generation in progress......
Bitstream generation completed
Running power analysis......
[100%] Power analysis completed
Generate file "Q:\Digital_IC_Design\FPGA_Prototyping_SystemVerilog\chapter_1_gate_level_comb\impl\pnr\chapter_1_gate_levek_comb.power.html" completed
Generate file "Q:\Digital_IC_Design\FPGA_Prototyping_SystemVerilog\chapter_1_gate_level_comb\impl\pnr\chapter_1_gate_levek_comb.pin.html" completed
Generate file "Q:\Digital_IC_Design\FPGA_Prototyping_SystemVerilog\chapter_1_gate_level_comb\impl\pnr\chapter_1_gate_levek_comb.rpt.html" completed
Generate file "Q:\Digital_IC_Design\FPGA_Prototyping_SystemVerilog\chapter_1_gate_level_comb\impl\pnr\chapter_1_gate_levek_comb.rpt.txt" completed
Generate file "Q:\Digital_IC_Design\FPGA_Prototyping_SystemVerilog\chapter_1_gate_level_comb\impl\pnr\chapter_1_gate_levek_comb.tr.html" completed
Tue Aug 20 15:34:18 2024

